Arguments: 
  /usr/local/bin/node /usr/local/bin/yarn add core-js@^3

PATH: 
  /usr/local/bin:/usr/bin:/bin:/usr/sbin:/sbin

Yarn version: 
  1.7.0

Node version: 
  10.7.0

Platform: 
  darwin x64

Trace: 
  Error: https://registry.yarnpkg.com/css-lyoader: Not found
      at Request.params.callback [as _callback] (/usr/local/lib/node_modules/yarn/lib/cli.js:65656:18)
      at Request.self.callback (/usr/local/lib/node_modules/yarn/lib/cli.js:134675:22)
      at Request.emit (events.js:182:13)
      at Request.<anonymous> (/usr/local/lib/node_modules/yarn/lib/cli.js:135658:10)
      at Request.emit (events.js:182:13)
      at IncomingMessage.<anonymous> (/usr/local/lib/node_modules/yarn/lib/cli.js:135578:12)
      at Object.onceWrapper (events.js:273:13)
      at IncomingMessage.emit (events.js:187:15)
      at endReadableNT (_stream_readable.js:1081:12)
      at process._tickCallback (internal/process/next_tick.js:63:19)

npm manifest: 
  {
    "name": "Harti-Portfolio",
    "version": "1.0.0",
    "main": "index.js",
    "author": "Harti",
    "license": "MIT",
    "scripts": {
      "build:dev": "webpack",
      "build:prod": "webpack -p --env production",
      "dev-server": "webpack-dev-server",
      "test": "cross-env NODE_ENV=test jest --config=jest.config.json",
      "start": "node server/server.js",
      "heroku-postbuild": "yarn run build:prod"
    },
    "dependencies": {
      "@babel/preset-react": "^7.7.4",
      "babel": "^6.23.0",
      "babel-cli": "6.26.0",
      "babel-core": "6.26.3",
      "babel-plugin-transform-class-properties": "6.24.1",
      "babel-plugin-transform-object-rest-spread": "6.26.0",
      "babel-polyfill": "6.26.0",
      "babel-preset-env": "1.7.0",
      "babel-preset-react": "6.24.1",
      "css-lyoader": "3.4.0",
      "express": "^4.17.1",
      "extract-text-webpack-plugin": "^4.0.0-beta.0",
      "firebase": "7.6.1",
      "formik": "^2.0.8",
      "history": "4.10.1",
      "latest": "^0.2.0",
      "merge": "^1.2.1",
      "moment": "^2.24.0",
      "node-gyp": "^5.0.7",
      "node-sass": "4.13.0",
      "normalize.css": "8.0.1",
      "npm-check-updates": "^4.0.1",
      "numeral": "2.0.6",
      "react": "^16.12.0",
      "react-addons-shallow-compare": "15.6.2",
      "react-dates": "21.5.1",
      "react-dom": "^16.12.0",
      "react-modal": "3.11.1",
      "react-redux": "7.1.3",
      "react-router-dom": "5.1.2",
      "redux": "4.0.5",
      "redux-mock-store": "1.5.4",
      "redux-thunk": "2.3.0",
      "sass-loader": "8.0.0",
      "style-loader": "1.1.2",
      "uuid": "3.3.3",
      "validator": "12.1.0",
      "yup": "^0.28.0"
    },
    "devDependencies": {
      "@babel/core": "^7.7.7",
      "@babel/preset-env": "^7.7.7",
      "babel-loader": "^8.0.6",
      "cross-env": "6.0.3",
      "dotenv": "8.2.0",
      "enzyme": "3.11.0",
      "enzyme-to-json": "3.4.3",
      "jest": "24.9.0",
      "react-test-renderer": "16.12.0",
      "webpack": "^4.41.4",
      "webpack-cli": "^3.3.10",
      "webpack-dev-server": "3.10.1"
    }
  }

yarn manifest: 
  No manifest

Lockfile: 
  No lockfile
